mode: set
github.com/wirerift/wirerift/internal/auth/auth.go:33.34,35.2 1 1
github.com/wirerift/wirerift/internal/auth/auth.go:57.28,84.2 6 1
github.com/wirerift/wirerift/internal/auth/auth.go:87.79,89.106 1 1
github.com/wirerift/wirerift/internal/auth/auth.go:89.106,92.3 2 1
github.com/wirerift/wirerift/internal/auth/auth.go:94.2,100.43 5 1
github.com/wirerift/wirerift/internal/auth/auth.go:100.43,102.77 2 1
github.com/wirerift/wirerift/internal/auth/auth.go:102.77,103.21 1 1
github.com/wirerift/wirerift/internal/auth/auth.go:103.21,105.5 1 1
github.com/wirerift/wirerift/internal/auth/auth.go:106.4,107.11 2 1
github.com/wirerift/wirerift/internal/auth/auth.go:107.11,109.5 1 1
github.com/wirerift/wirerift/internal/auth/auth.go:110.4,112.16 3 1
github.com/wirerift/wirerift/internal/auth/auth.go:114.3,114.14 1 1
github.com/wirerift/wirerift/internal/auth/auth.go:117.2,117.23 1 1
github.com/wirerift/wirerift/internal/auth/auth.go:117.23,119.3 1 1
github.com/wirerift/wirerift/internal/auth/auth.go:121.2,121.38 1 1
github.com/wirerift/wirerift/internal/auth/auth.go:125.96,130.39 4 1
github.com/wirerift/wirerift/internal/auth/auth.go:130.39,132.3 1 1
github.com/wirerift/wirerift/internal/auth/auth.go:134.2,144.19 3 1
github.com/wirerift/wirerift/internal/auth/auth.go:148.37,149.23 1 1
github.com/wirerift/wirerift/internal/auth/auth.go:149.23,151.3 1 1
github.com/wirerift/wirerift/internal/auth/auth.go:152.2,152.11 1 1
github.com/wirerift/wirerift/internal/auth/auth.go:156.53,161.2 4 1
github.com/wirerift/wirerift/internal/auth/auth.go:164.71,180.2 5 1
github.com/wirerift/wirerift/internal/auth/auth.go:183.64,184.46 1 1
github.com/wirerift/wirerift/internal/auth/auth.go:184.46,185.72 1 1
github.com/wirerift/wirerift/internal/auth/auth.go:185.72,187.18 2 1
github.com/wirerift/wirerift/internal/auth/auth.go:187.18,190.5 2 1
github.com/wirerift/wirerift/internal/auth/auth.go:192.4,193.47 2 1
github.com/wirerift/wirerift/internal/auth/auth.go:193.47,196.5 2 1
github.com/wirerift/wirerift/internal/auth/auth.go:198.4,199.18 2 1
github.com/wirerift/wirerift/internal/auth/auth.go:199.18,202.5 2 1
github.com/wirerift/wirerift/internal/auth/auth.go:204.4,204.24 1 1
github.com/wirerift/wirerift/internal/auth/auth.go:210.75,211.46 1 1
github.com/wirerift/wirerift/internal/auth/auth.go:211.46,212.72 1 1
github.com/wirerift/wirerift/internal/auth/auth.go:212.72,214.18 2 1
github.com/wirerift/wirerift/internal/auth/auth.go:214.18,218.5 3 1
github.com/wirerift/wirerift/internal/auth/auth.go:220.4,221.46 2 1
github.com/wirerift/wirerift/internal/auth/auth.go:221.46,224.5 2 1
github.com/wirerift/wirerift/internal/auth/auth.go:226.4,227.18 2 1
github.com/wirerift/wirerift/internal/auth/auth.go:227.18,230.5 2 1
github.com/wirerift/wirerift/internal/auth/auth.go:232.4,233.23 2 1
github.com/wirerift/wirerift/internal/auth/auth.go:233.23,236.5 2 1
github.com/wirerift/wirerift/internal/auth/auth.go:238.4,238.52 1 1
github.com/wirerift/wirerift/internal/auth/auth.go:238.52,242.5 3 1
github.com/wirerift/wirerift/internal/auth/auth.go:244.4,244.24 1 1
github.com/wirerift/wirerift/internal/auth/auth.go:250.46,254.19 4 1
github.com/wirerift/wirerift/internal/auth/auth.go:254.19,256.3 1 1
github.com/wirerift/wirerift/internal/auth/auth.go:257.2,257.18 1 1
