mode: set
github.com/wirerift/wirerift/internal/client/client.go:52.29,60.2 1 1
github.com/wirerift/wirerift/internal/client/client.go:97.54,98.19 1 1
github.com/wirerift/wirerift/internal/client/client.go:98.19,100.3 1 1
github.com/wirerift/wirerift/internal/client/client.go:102.2,109.3 2 1
github.com/wirerift/wirerift/internal/client/client.go:113.34,114.36 1 1
github.com/wirerift/wirerift/internal/client/client.go:114.36,116.3 1 1
github.com/wirerift/wirerift/internal/client/client.go:119.2,120.12 2 1
github.com/wirerift/wirerift/internal/client/client.go:120.12,123.3 2 1
github.com/wirerift/wirerift/internal/client/client.go:126.2,126.24 1 1
github.com/wirerift/wirerift/internal/client/client.go:126.24,128.13 2 1
github.com/wirerift/wirerift/internal/client/client.go:128.13,131.4 2 1
github.com/wirerift/wirerift/internal/client/client.go:134.2,134.12 1 1
github.com/wirerift/wirerift/internal/client/client.go:138.34,143.31 3 1
github.com/wirerift/wirerift/internal/client/client.go:143.31,145.3 1 0
github.com/wirerift/wirerift/internal/client/client.go:145.8,147.3 1 1
github.com/wirerift/wirerift/internal/client/client.go:149.2,149.16 1 1
github.com/wirerift/wirerift/internal/client/client.go:149.16,151.3 1 1
github.com/wirerift/wirerift/internal/client/client.go:153.2,156.47 2 1
github.com/wirerift/wirerift/internal/client/client.go:156.47,159.3 2 0
github.com/wirerift/wirerift/internal/client/client.go:162.2,165.41 2 1
github.com/wirerift/wirerift/internal/client/client.go:165.41,168.3 2 1
github.com/wirerift/wirerift/internal/client/client.go:170.2,176.12 4 1
github.com/wirerift/wirerift/internal/client/client.go:180.39,187.16 3 1
github.com/wirerift/wirerift/internal/client/client.go:187.16,189.3 1 0
github.com/wirerift/wirerift/internal/client/client.go:191.2,191.60 1 1
github.com/wirerift/wirerift/internal/client/client.go:191.60,193.3 1 0
github.com/wirerift/wirerift/internal/client/client.go:196.2,197.16 2 1
github.com/wirerift/wirerift/internal/client/client.go:197.16,199.3 1 0
github.com/wirerift/wirerift/internal/client/client.go:201.2,201.42 1 1
github.com/wirerift/wirerift/internal/client/client.go:201.42,203.3 1 0
github.com/wirerift/wirerift/internal/client/client.go:205.2,206.69 2 1
github.com/wirerift/wirerift/internal/client/client.go:206.69,208.3 1 0
github.com/wirerift/wirerift/internal/client/client.go:210.2,210.17 1 1
github.com/wirerift/wirerift/internal/client/client.go:210.17,212.3 1 1
github.com/wirerift/wirerift/internal/client/client.go:214.2,217.12 3 1
github.com/wirerift/wirerift/internal/client/client.go:221.32,224.18 2 1
github.com/wirerift/wirerift/internal/client/client.go:224.18,226.3 1 1
github.com/wirerift/wirerift/internal/client/client.go:227.2,227.19 1 1
github.com/wirerift/wirerift/internal/client/client.go:227.19,229.3 1 1
github.com/wirerift/wirerift/internal/client/client.go:231.2,232.12 2 1
github.com/wirerift/wirerift/internal/client/client.go:236.78,237.25 1 1
github.com/wirerift/wirerift/internal/client/client.go:237.25,239.3 1 1
github.com/wirerift/wirerift/internal/client/client.go:241.2,246.27 2 0
github.com/wirerift/wirerift/internal/client/client.go:246.27,248.3 1 0
github.com/wirerift/wirerift/internal/client/client.go:250.2,250.26 1 0
github.com/wirerift/wirerift/internal/client/client.go:254.67,255.25 1 1
github.com/wirerift/wirerift/internal/client/client.go:255.25,257.3 1 1
github.com/wirerift/wirerift/internal/client/client.go:259.2,265.26 2 0
github.com/wirerift/wirerift/internal/client/client.go:269.72,271.16 2 0
github.com/wirerift/wirerift/internal/client/client.go:271.16,273.3 1 0
github.com/wirerift/wirerift/internal/client/client.go:275.2,275.60 1 0
github.com/wirerift/wirerift/internal/client/client.go:275.60,277.3 1 0
github.com/wirerift/wirerift/internal/client/client.go:280.2,281.16 2 0
github.com/wirerift/wirerift/internal/client/client.go:281.16,283.3 1 0
github.com/wirerift/wirerift/internal/client/client.go:285.2,285.44 1 0
github.com/wirerift/wirerift/internal/client/client.go:285.44,287.3 1 0
github.com/wirerift/wirerift/internal/client/client.go:289.2,290.65 2 0
github.com/wirerift/wirerift/internal/client/client.go:290.65,292.3 1 0
github.com/wirerift/wirerift/internal/client/client.go:294.2,294.13 1 0
github.com/wirerift/wirerift/internal/client/client.go:294.13,296.3 1 0
github.com/wirerift/wirerift/internal/client/client.go:298.2,312.20 4 0
github.com/wirerift/wirerift/internal/client/client.go:316.47,317.18 1 1
github.com/wirerift/wirerift/internal/client/client.go:317.18,319.3 1 1
github.com/wirerift/wirerift/internal/client/client.go:321.2,323.16 3 0
github.com/wirerift/wirerift/internal/client/client.go:323.16,325.3 1 0
github.com/wirerift/wirerift/internal/client/client.go:327.2,327.60 1 0
github.com/wirerift/wirerift/internal/client/client.go:327.60,329.3 1 0
github.com/wirerift/wirerift/internal/client/client.go:331.2,334.12 3 0
github.com/wirerift/wirerift/internal/client/client.go:338.37,340.2 1 1
github.com/wirerift/wirerift/internal/client/client.go:343.37,345.2 1 1
github.com/wirerift/wirerift/internal/client/client.go:348.51,349.18 1 1
github.com/wirerift/wirerift/internal/client/client.go:349.18,351.3 1 1
github.com/wirerift/wirerift/internal/client/client.go:352.2,352.31 1 1
github.com/wirerift/wirerift/internal/client/client.go:356.51,357.18 1 1
github.com/wirerift/wirerift/internal/client/client.go:357.18,359.3 1 1
github.com/wirerift/wirerift/internal/client/client.go:360.2,360.31 1 1
github.com/wirerift/wirerift/internal/client/client.go:364.34,368.6 3 1
github.com/wirerift/wirerift/internal/client/client.go:368.6,369.10 1 1
github.com/wirerift/wirerift/internal/client/client.go:370.23,371.10 1 1
github.com/wirerift/wirerift/internal/client/client.go:372.19,373.27 1 1
github.com/wirerift/wirerift/internal/client/client.go:373.27,374.13 1 0
github.com/wirerift/wirerift/internal/client/client.go:377.4,384.62 2 1
github.com/wirerift/wirerift/internal/client/client.go:384.62,386.5 1 0
github.com/wirerift/wirerift/internal/client/client.go:387.23,390.10 3 1
github.com/wirerift/wirerift/internal/client/client.go:396.34,399.6 2 1
github.com/wirerift/wirerift/internal/client/client.go:399.6,400.10 1 1
github.com/wirerift/wirerift/internal/client/client.go:401.23,402.10 1 1
github.com/wirerift/wirerift/internal/client/client.go:403.23,404.27 1 0
github.com/wirerift/wirerift/internal/client/client.go:404.27,406.5 1 0
github.com/wirerift/wirerift/internal/client/client.go:408.4,411.11 3 0
github.com/wirerift/wirerift/internal/client/client.go:412.24,413.11 1 0
github.com/wirerift/wirerift/internal/client/client.go:414.32,414.32 0 0
github.com/wirerift/wirerift/internal/client/client.go:417.4,417.38 1 0
github.com/wirerift/wirerift/internal/client/client.go:417.38,420.49 3 0
github.com/wirerift/wirerift/internal/client/client.go:420.49,422.6 1 0
github.com/wirerift/wirerift/internal/client/client.go:423.5,423.13 1 0
github.com/wirerift/wirerift/internal/client/client.go:426.4,426.41 1 0
github.com/wirerift/wirerift/internal/client/client.go:435.49,436.40 1 1
github.com/wirerift/wirerift/internal/client/client.go:436.40,438.3 1 1
github.com/wirerift/wirerift/internal/client/client.go:442.31,443.40 1 1
github.com/wirerift/wirerift/internal/client/client.go:443.40,445.3 1 1
github.com/wirerift/wirerift/internal/client/client.go:449.53,450.40 1 1
github.com/wirerift/wirerift/internal/client/client.go:450.40,456.3 1 1
github.com/wirerift/wirerift/internal/client/client.go:460.56,461.40 1 1
github.com/wirerift/wirerift/internal/client/client.go:461.40,463.3 1 1
github.com/wirerift/wirerift/internal/client/client.go:467.32,469.2 1 1
github.com/wirerift/wirerift/internal/client/client.go:472.40,474.2 1 1
github.com/wirerift/wirerift/internal/client/client.go:477.40,479.2 1 1
