mode: set
github.com/wirerift/wirerift/internal/config/domains.go:49.57,50.22 1 1
github.com/wirerift/wirerift/internal/config/domains.go:50.22,52.3 1 1
github.com/wirerift/wirerift/internal/config/domains.go:53.2,55.3 1 1
github.com/wirerift/wirerift/internal/config/domains.go:59.84,64.41 3 1
github.com/wirerift/wirerift/internal/config/domains.go:64.41,66.3 1 1
github.com/wirerift/wirerift/internal/config/domains.go:69.2,69.28 1 1
github.com/wirerift/wirerift/internal/config/domains.go:69.28,71.3 1 1
github.com/wirerift/wirerift/internal/config/domains.go:73.2,82.20 3 1
github.com/wirerift/wirerift/internal/config/domains.go:86.59,92.2 4 1
github.com/wirerift/wirerift/internal/config/domains.go:95.73,96.41 1 1
github.com/wirerift/wirerift/internal/config/domains.go:96.41,98.3 1 1
github.com/wirerift/wirerift/internal/config/domains.go:99.2,99.31 1 1
github.com/wirerift/wirerift/internal/config/domains.go:103.77,108.9 4 1
github.com/wirerift/wirerift/internal/config/domains.go:108.9,110.3 1 1
github.com/wirerift/wirerift/internal/config/domains.go:112.2,119.12 7 1
github.com/wirerift/wirerift/internal/config/domains.go:123.66,128.9 4 1
github.com/wirerift/wirerift/internal/config/domains.go:128.9,130.3 1 1
github.com/wirerift/wirerift/internal/config/domains.go:132.2,133.17 2 1
github.com/wirerift/wirerift/internal/config/domains.go:133.17,135.3 1 1
github.com/wirerift/wirerift/internal/config/domains.go:137.2,140.12 3 1
github.com/wirerift/wirerift/internal/config/domains.go:144.75,160.2 2 1
github.com/wirerift/wirerift/internal/config/domains.go:163.71,165.44 2 1
github.com/wirerift/wirerift/internal/config/domains.go:165.44,167.31 2 1
github.com/wirerift/wirerift/internal/config/domains.go:167.31,169.4 1 1
github.com/wirerift/wirerift/internal/config/domains.go:170.3,170.14 1 1
github.com/wirerift/wirerift/internal/config/domains.go:172.2,172.16 1 1
github.com/wirerift/wirerift/internal/config/domains.go:176.40,177.43 1 1
github.com/wirerift/wirerift/internal/config/domains.go:177.43,179.3 1 1
github.com/wirerift/wirerift/internal/config/domains.go:181.2,181.54 1 1
github.com/wirerift/wirerift/internal/config/domains.go:181.54,183.3 1 1
github.com/wirerift/wirerift/internal/config/domains.go:185.2,185.27 1 1
github.com/wirerift/wirerift/internal/config/domains.go:185.27,186.31 1 1
github.com/wirerift/wirerift/internal/config/domains.go:186.31,188.4 1 1
github.com/wirerift/wirerift/internal/config/domains.go:190.2,190.13 1 1
github.com/wirerift/wirerift/internal/config/domains.go:193.46,199.2 1 1
github.com/wirerift/wirerift/internal/config/domains.go:201.53,205.2 1 1
github.com/wirerift/wirerift/internal/config/domains.go:207.24,208.11 1 1
github.com/wirerift/wirerift/internal/config/domains.go:208.11,210.3 1 1
github.com/wirerift/wirerift/internal/config/domains.go:211.2,211.10 1 1
