mode: set
github.com/wirerift/wirerift/internal/metrics/metrics.go:37.32,43.2 1 1
github.com/wirerift/wirerift/internal/metrics/metrics.go:46.43,49.2 2 1
github.com/wirerift/wirerift/internal/metrics/metrics.go:52.43,54.2 1 1
github.com/wirerift/wirerift/internal/metrics/metrics.go:57.39,60.2 2 1
github.com/wirerift/wirerift/internal/metrics/metrics.go:63.39,65.2 1 1
github.com/wirerift/wirerift/internal/metrics/metrics.go:68.40,71.2 2 1
github.com/wirerift/wirerift/internal/metrics/metrics.go:74.41,76.2 1 1
github.com/wirerift/wirerift/internal/metrics/metrics.go:79.42,81.2 1 1
github.com/wirerift/wirerift/internal/metrics/metrics.go:84.38,86.2 1 1
github.com/wirerift/wirerift/internal/metrics/metrics.go:89.52,92.6 2 1
github.com/wirerift/wirerift/internal/metrics/metrics.go:92.6,95.15 3 1
github.com/wirerift/wirerift/internal/metrics/metrics.go:95.15,97.4 1 1
github.com/wirerift/wirerift/internal/metrics/metrics.go:97.9,99.4 1 1
github.com/wirerift/wirerift/internal/metrics/metrics.go:100.3,100.71 1 1
github.com/wirerift/wirerift/internal/metrics/metrics.go:100.71,101.9 1 1
github.com/wirerift/wirerift/internal/metrics/metrics.go:107.40,121.2 1 1
github.com/wirerift/wirerift/internal/metrics/metrics.go:124.44,126.2 1 1
github.com/wirerift/wirerift/internal/metrics/metrics.go:129.47,164.2 3 1
github.com/wirerift/wirerift/internal/metrics/metrics.go:167.48,168.54 1 1
github.com/wirerift/wirerift/internal/metrics/metrics.go:168.54,171.3 2 1
