mode: set
github.com/wirerift/wirerift/internal/proto/constants.go:57.37,58.12 1 1
github.com/wirerift/wirerift/internal/proto/constants.go:59.20,60.20 1 1
github.com/wirerift/wirerift/internal/proto/constants.go:61.20,62.20 1 1
github.com/wirerift/wirerift/internal/proto/constants.go:63.22,64.22 1 1
github.com/wirerift/wirerift/internal/proto/constants.go:65.22,66.22 1 1
github.com/wirerift/wirerift/internal/proto/constants.go:67.24,68.24 1 1
github.com/wirerift/wirerift/internal/proto/constants.go:69.23,70.23 1 1
github.com/wirerift/wirerift/internal/proto/constants.go:71.23,72.23 1 1
github.com/wirerift/wirerift/internal/proto/constants.go:73.24,74.24 1 1
github.com/wirerift/wirerift/internal/proto/constants.go:75.22,76.22 1 1
github.com/wirerift/wirerift/internal/proto/constants.go:77.25,78.25 1 1
github.com/wirerift/wirerift/internal/proto/constants.go:79.22,80.21 1 1
github.com/wirerift/wirerift/internal/proto/constants.go:81.25,82.25 1 1
github.com/wirerift/wirerift/internal/proto/constants.go:83.19,84.19 1 1
github.com/wirerift/wirerift/internal/proto/constants.go:85.18,86.17 1 1
github.com/wirerift/wirerift/internal/proto/constants.go:87.10,88.19 1 1
github.com/wirerift/wirerift/internal/proto/frame.go:30.18,32.3 1 1
github.com/wirerift/wirerift/internal/proto/frame.go:36.43,38.26 1 1
github.com/wirerift/wirerift/internal/proto/frame.go:38.26,40.3 1 1
github.com/wirerift/wirerift/internal/proto/frame.go:41.2,41.30 1 1
github.com/wirerift/wirerift/internal/proto/frame.go:41.30,43.3 1 1
github.com/wirerift/wirerift/internal/proto/frame.go:44.2,44.37 1 1
github.com/wirerift/wirerift/internal/proto/frame.go:44.37,46.3 1 1
github.com/wirerift/wirerift/internal/proto/frame.go:49.2,61.43 9 1
github.com/wirerift/wirerift/internal/proto/frame.go:61.43,63.3 1 1
github.com/wirerift/wirerift/internal/proto/frame.go:66.2,66.24 1 1
github.com/wirerift/wirerift/internal/proto/frame.go:66.24,67.47 1 1
github.com/wirerift/wirerift/internal/proto/frame.go:67.47,69.4 1 1
github.com/wirerift/wirerift/internal/proto/frame.go:72.2,72.12 1 1
github.com/wirerift/wirerift/internal/proto/frame.go:76.45,82.50 3 1
github.com/wirerift/wirerift/internal/proto/frame.go:82.50,84.3 1 1
github.com/wirerift/wirerift/internal/proto/frame.go:87.2,88.24 2 1
github.com/wirerift/wirerift/internal/proto/frame.go:88.24,90.3 1 1
github.com/wirerift/wirerift/internal/proto/frame.go:92.2,95.28 3 1
github.com/wirerift/wirerift/internal/proto/frame.go:95.28,97.3 1 0
github.com/wirerift/wirerift/internal/proto/frame.go:99.2,100.33 2 1
github.com/wirerift/wirerift/internal/proto/frame.go:100.33,102.3 1 1
github.com/wirerift/wirerift/internal/proto/frame.go:105.2,106.20 2 1
github.com/wirerift/wirerift/internal/proto/frame.go:106.20,108.52 2 1
github.com/wirerift/wirerift/internal/proto/frame.go:108.52,110.4 1 1
github.com/wirerift/wirerift/internal/proto/frame.go:113.2,118.8 1 1
github.com/wirerift/wirerift/internal/proto/frame.go:127.47,129.2 1 1
github.com/wirerift/wirerift/internal/proto/frame.go:132.47,134.2 1 1
github.com/wirerift/wirerift/internal/proto/frame.go:143.47,145.2 1 1
github.com/wirerift/wirerift/internal/proto/frame.go:148.46,152.2 3 1
github.com/wirerift/wirerift/internal/proto/frame.go:155.36,158.2 2 1
github.com/wirerift/wirerift/internal/proto/frame.go:161.35,163.47 2 1
github.com/wirerift/wirerift/internal/proto/frame.go:163.47,165.3 1 1
github.com/wirerift/wirerift/internal/proto/frame.go:166.2,166.24 1 1
github.com/wirerift/wirerift/internal/proto/frame.go:166.24,167.20 1 1
github.com/wirerift/wirerift/internal/proto/frame.go:167.20,169.4 1 1
github.com/wirerift/wirerift/internal/proto/frame.go:171.2,171.12 1 1
github.com/wirerift/wirerift/internal/proto/messages.go:104.32,107.25 3 1
github.com/wirerift/wirerift/internal/proto/messages.go:107.25,109.3 1 1
github.com/wirerift/wirerift/internal/proto/messages.go:110.2,110.12 1 1
github.com/wirerift/wirerift/internal/proto/messages.go:114.47,115.22 1 1
github.com/wirerift/wirerift/internal/proto/messages.go:115.22,117.3 1 1
github.com/wirerift/wirerift/internal/proto/messages.go:118.2,119.25 2 1
github.com/wirerift/wirerift/internal/proto/messages.go:119.25,121.3 1 1
github.com/wirerift/wirerift/internal/proto/messages.go:122.2,122.32 1 1
github.com/wirerift/wirerift/internal/proto/messages.go:126.85,128.16 2 1
github.com/wirerift/wirerift/internal/proto/messages.go:128.16,130.3 1 1
github.com/wirerift/wirerift/internal/proto/messages.go:131.2,136.8 1 1
github.com/wirerift/wirerift/internal/proto/messages.go:140.47,142.2 1 1
