mode: set
github.com/wirerift/wirerift/internal/ratelimit/ratelimit.go:20.44,27.2 1 1
github.com/wirerift/wirerift/internal/ratelimit/ratelimit.go:30.32,32.2 1 1
github.com/wirerift/wirerift/internal/ratelimit/ratelimit.go:35.38,45.33 7 1
github.com/wirerift/wirerift/internal/ratelimit/ratelimit.go:45.33,47.3 1 1
github.com/wirerift/wirerift/internal/ratelimit/ratelimit.go:50.2,50.28 1 1
github.com/wirerift/wirerift/internal/ratelimit/ratelimit.go:50.28,53.3 2 1
github.com/wirerift/wirerift/internal/ratelimit/ratelimit.go:55.2,55.14 1 1
github.com/wirerift/wirerift/internal/ratelimit/ratelimit.go:59.26,61.2 1 1
github.com/wirerift/wirerift/internal/ratelimit/ratelimit.go:64.32,65.6 1 1
github.com/wirerift/wirerift/internal/ratelimit/ratelimit.go:65.6,66.18 1 1
github.com/wirerift/wirerift/internal/ratelimit/ratelimit.go:66.18,68.4 1 1
github.com/wirerift/wirerift/internal/ratelimit/ratelimit.go:70.3,70.36 1 1
github.com/wirerift/wirerift/internal/ratelimit/ratelimit.go:76.43,78.2 1 1
github.com/wirerift/wirerift/internal/ratelimit/ratelimit.go:81.49,91.33 7 1
github.com/wirerift/wirerift/internal/ratelimit/ratelimit.go:91.33,93.3 1 1
github.com/wirerift/wirerift/internal/ratelimit/ratelimit.go:96.2,96.28 1 1
github.com/wirerift/wirerift/internal/ratelimit/ratelimit.go:96.28,99.3 2 1
github.com/wirerift/wirerift/internal/ratelimit/ratelimit.go:101.2,104.21 3 1
github.com/wirerift/wirerift/internal/ratelimit/ratelimit.go:108.34,112.2 3 1
github.com/wirerift/wirerift/internal/ratelimit/ratelimit.go:115.31,119.2 3 1
github.com/wirerift/wirerift/internal/ratelimit/ratelimit.go:122.41,126.2 3 1
github.com/wirerift/wirerift/internal/ratelimit/ratelimit.go:129.36,137.31 6 1
github.com/wirerift/wirerift/internal/ratelimit/ratelimit.go:137.31,139.3 1 1
github.com/wirerift/wirerift/internal/ratelimit/ratelimit.go:141.2,141.15 1 1
github.com/wirerift/wirerift/internal/ratelimit/ratelimit.go:152.51,157.2 1 1
github.com/wirerift/wirerift/internal/ratelimit/ratelimit.go:161.44,162.39 1 1
github.com/wirerift/wirerift/internal/ratelimit/ratelimit.go:162.39,164.3 1 1
github.com/wirerift/wirerift/internal/ratelimit/ratelimit.go:166.2,168.26 3 1
github.com/wirerift/wirerift/internal/ratelimit/ratelimit.go:172.42,174.2 1 1
github.com/wirerift/wirerift/internal/ratelimit/ratelimit.go:177.50,179.2 1 1
github.com/wirerift/wirerift/internal/ratelimit/ratelimit.go:182.38,184.2 1 1
github.com/wirerift/wirerift/internal/ratelimit/ratelimit.go:187.27,188.45 1 1
github.com/wirerift/wirerift/internal/ratelimit/ratelimit.go:188.45,191.3 2 1
github.com/wirerift/wirerift/internal/ratelimit/ratelimit.go:203.79,209.2 1 1
github.com/wirerift/wirerift/internal/ratelimit/ratelimit.go:212.38,214.2 1 1
github.com/wirerift/wirerift/internal/ratelimit/ratelimit.go:217.53,224.29 5 1
github.com/wirerift/wirerift/internal/ratelimit/ratelimit.go:224.29,225.22 1 1
github.com/wirerift/wirerift/internal/ratelimit/ratelimit.go:225.22,227.9 2 1
github.com/wirerift/wirerift/internal/ratelimit/ratelimit.go:229.3,229.19 1 1
github.com/wirerift/wirerift/internal/ratelimit/ratelimit.go:231.2,234.34 2 1
github.com/wirerift/wirerift/internal/ratelimit/ratelimit.go:234.34,236.3 1 1
github.com/wirerift/wirerift/internal/ratelimit/ratelimit.go:238.2,239.13 2 1
github.com/wirerift/wirerift/internal/ratelimit/ratelimit.go:243.37,251.29 6 1
github.com/wirerift/wirerift/internal/ratelimit/ratelimit.go:251.29,252.22 1 1
github.com/wirerift/wirerift/internal/ratelimit/ratelimit.go:252.22,254.4 1 1
github.com/wirerift/wirerift/internal/ratelimit/ratelimit.go:256.2,256.14 1 1
github.com/wirerift/wirerift/internal/ratelimit/ratelimit.go:260.33,264.2 3 1
