mode: set
github.com/wirerift/wirerift/internal/utils/utils.go:12.51,16.2 3 1
github.com/wirerift/wirerift/internal/utils/utils.go:19.31,21.2 1 1
github.com/wirerift/wirerift/internal/utils/utils.go:24.67,26.16 2 1
github.com/wirerift/wirerift/internal/utils/utils.go:26.16,28.3 1 1
github.com/wirerift/wirerift/internal/utils/utils.go:29.2,29.18 1 1
github.com/wirerift/wirerift/internal/utils/utils.go:33.45,35.2 1 1
github.com/wirerift/wirerift/internal/utils/utils.go:38.40,40.38 1 1
github.com/wirerift/wirerift/internal/utils/utils.go:40.38,41.21 1 1
github.com/wirerift/wirerift/internal/utils/utils.go:41.21,43.9 2 1
github.com/wirerift/wirerift/internal/utils/utils.go:46.2,46.13 1 1
github.com/wirerift/wirerift/internal/utils/utils.go:50.55,55.30 3 1
github.com/wirerift/wirerift/internal/utils/utils.go:55.30,57.3 1 1
github.com/wirerift/wirerift/internal/utils/utils.go:58.2,58.38 1 1
github.com/wirerift/wirerift/internal/utils/utils.go:58.38,60.3 1 1
github.com/wirerift/wirerift/internal/utils/utils.go:62.2,62.37 1 1
github.com/wirerift/wirerift/internal/utils/utils.go:66.46,67.48 1 1
github.com/wirerift/wirerift/internal/utils/utils.go:67.48,69.3 1 1
github.com/wirerift/wirerift/internal/utils/utils.go:72.2,73.24 2 1
github.com/wirerift/wirerift/internal/utils/utils.go:73.24,75.3 1 1
github.com/wirerift/wirerift/internal/utils/utils.go:78.2,78.30 1 1
github.com/wirerift/wirerift/internal/utils/utils.go:78.30,79.39 1 1
github.com/wirerift/wirerift/internal/utils/utils.go:79.39,81.4 1 1
github.com/wirerift/wirerift/internal/utils/utils.go:84.2,84.13 1 1
github.com/wirerift/wirerift/internal/utils/utils.go:87.30,89.2 1 1
